2025-08-20 01:41:45,777 [INFO] Saved AI_companies_enhanced.csv
2025-08-20 01:41:45,782 [INFO] Saved AI_companies_vc_focus.csv
2025-08-20 01:41:45,782 [INFO] Fetching officers for 16497924...
2025-08-20 01:41:45,837 [INFO] Fetching officers for 16497701...
2025-08-20 01:41:45,914 [INFO] Fetching officers for 16494791...
2025-08-20 01:41:45,989 [INFO] Fetching officers for 16496629...
2025-08-20 01:41:46,065 [INFO] Fetching officers for 16495189...
2025-08-20 01:41:46,144 [INFO] Fetching officers for 16495170...
2025-08-20 01:41:46,200 [INFO] Fetching officers for 16495112...
2025-08-20 01:41:46,255 [INFO] Fetching officers for 16494879...
2025-08-20 01:41:46,335 [INFO] Fetching officers for 16494592...
2025-08-20 01:41:46,403 [INFO] Fetching officers for 16494564...
2025-08-20 01:41:46,467 [INFO] Fetching officers for 16494621...
2025-08-20 01:41:46,519 [INFO] Fetching officers for 16494900...
2025-08-20 01:41:46,593 [INFO] Fetching officers for 16495293...
2025-08-20 01:41:46,669 [INFO] Fetching officers for 16497392...
2025-08-20 01:41:46,746 [INFO] Fetching officers for 16494973...
2025-08-20 01:41:46,826 [INFO] Fetching officers for 16494715...
2025-08-20 01:41:46,882 [INFO] Fetching officers for 16495106...
2025-08-20 01:41:46,963 [INFO] Fetching officers for 16494739...
2025-08-20 01:41:47,038 [INFO] Fetching officers for 16490678...
2025-08-20 01:41:47,118 [INFO] Fetching officers for 16488188...
2025-08-20 01:41:47,188 [INFO] Fetching officers for 16487990...
2025-08-20 01:41:47,243 [INFO] Fetching officers for 16490878...
2025-08-20 01:41:47,314 [INFO] Fetching officers for 16487929...
2025-08-20 01:41:47,394 [INFO] Fetching officers for 16487199...
2025-08-20 01:41:47,467 [INFO] Fetching officers for 16487312...
2025-08-20 01:41:47,544 [INFO] Fetching officers for 16487067...
2025-08-20 01:41:47,622 [INFO] Fetching officers for 16487026...
2025-08-20 01:41:47,686 [INFO] Fetching officers for 16484948...
2025-08-20 01:41:47,764 [INFO] Fetching officers for 16484592...
2025-08-20 01:41:47,821 [INFO] Fetching officers for 16484235...
2025-08-20 01:41:47,887 [INFO] Fetching officers for 16484910...
2025-08-20 01:41:47,962 [INFO] Fetching officers for 16485645...
2025-08-20 01:41:48,026 [INFO] Fetching officers for 16486202...
2025-08-20 01:41:48,087 [INFO] Fetching officers for 16485835...
2025-08-20 01:41:48,156 [INFO] Fetching officers for 16484482...
2025-08-20 01:41:48,223 [INFO] Fetching officers for 16485473...
2025-08-20 01:41:48,274 [INFO] Fetching officers for 16486437...
2025-08-20 01:41:48,354 [INFO] Fetching officers for 16486275...
2025-08-20 01:41:48,429 [INFO] Fetching officers for 16484920...
2025-08-20 01:41:48,483 [INFO] Fetching officers for 16485874...
2025-08-20 01:41:48,556 [INFO] Fetching officers for 16482991...
2025-08-20 01:41:48,633 [INFO] Fetching officers for 16483367...
2025-08-20 01:41:48,708 [INFO] Fetching officers for SC850419...
2025-08-20 01:41:48,765 [INFO] Fetching officers for SC850410...
2025-08-20 01:41:48,833 [INFO] Fetching officers for 16481436...
2025-08-20 01:41:48,911 [INFO] Fetching officers for 16482631...
2025-08-20 01:41:48,989 [INFO] Fetching officers for 16482387...
2025-08-20 01:41:49,063 [INFO] Fetching officers for 16481483...
2025-08-20 01:41:49,116 [INFO] Fetching officers for 16482139...
2025-08-20 01:41:49,197 [INFO] Fetching officers for 16483955...
2025-08-20 01:41:49,254 [INFO] Fetching officers for 16483217...
2025-08-20 01:41:49,327 [INFO] Fetching officers for 16481523...
2025-08-20 01:41:49,405 [INFO] Fetching officers for 16483276...
2025-08-20 01:41:49,484 [INFO] Fetching officers for 16481643...
2025-08-20 01:41:49,539 [INFO] Fetching officers for 16481808...
2025-08-20 01:41:49,604 [INFO] Fetching officers for 16483962...
2025-08-20 01:41:49,681 [INFO] Fetching officers for SC850350...
2025-08-20 01:41:49,763 [INFO] Fetching officers for 16480796...
2025-08-20 01:41:49,837 [INFO] Fetching officers for SC850201...
2025-08-20 01:41:49,916 [INFO] Fetching officers for 16481204...
2025-08-20 01:41:49,995 [INFO] Fetching officers for 16476150...
2025-08-20 01:41:50,068 [INFO] Fetching officers for 16475355...
2025-08-20 01:41:50,123 [INFO] Fetching officers for 16474245...
2025-08-20 01:41:50,197 [INFO] Fetching officers for 16476172...
2025-08-20 01:41:50,251 [INFO] Fetching officers for 16478015...
2025-08-20 01:41:50,319 [INFO] Fetching officers for 16477944...
2025-08-20 01:41:50,397 [INFO] Fetching officers for SC849994...
2025-08-20 01:41:50,473 [INFO] Fetching officers for 16475544...
2025-08-20 01:41:50,550 [INFO] Fetching officers for 16474474...
2025-08-20 01:41:50,625 [INFO] Fetching officers for 16475834...
2025-08-20 01:41:50,703 [INFO] Fetching officers for 16477775...
2025-08-20 01:41:50,779 [INFO] Fetching officers for 16478000...
2025-08-20 01:41:50,846 [INFO] Fetching officers for 16475835...
2025-08-20 01:41:50,919 [INFO] Fetching officers for 16477327...
2025-08-20 01:41:50,982 [INFO] Fetching officers for 16476448...
2025-08-20 01:41:51,061 [INFO] Fetching officers for 16477251...
2025-08-20 01:41:51,114 [INFO] Fetching officers for 16475557...
2025-08-20 01:41:51,188 [INFO] Fetching officers for 16478105...
2025-08-20 01:41:51,268 [INFO] Fetching officers for 16478106...
2025-08-20 01:41:51,346 [INFO] Fetching officers for 16477542...
2025-08-20 01:41:51,406 [INFO] Fetching officers for SC850026...
2025-08-20 01:41:51,483 [INFO] Fetching officers for 16475537...
2025-08-20 01:41:51,563 [INFO] Fetching officers for 16474522...
2025-08-20 01:41:51,622 [INFO] Fetching officers for 16474501...
2025-08-20 01:41:51,682 [INFO] Fetching officers for 16476821...
2025-08-20 01:41:51,738 [INFO] Fetching officers for 16473808...
2025-08-20 01:41:51,795 [INFO] Fetching officers for 16473595...
2025-08-20 01:41:51,869 [INFO] Fetching officers for 16474013...
2025-08-20 01:41:51,948 [INFO] Fetching officers for 16473437...
2025-08-20 01:41:52,025 [INFO] Fetching officers for 16473314...
2025-08-20 01:41:52,079 [INFO] Fetching officers for 16472158...
2025-08-20 01:41:52,146 [INFO] Fetching officers for 16472291...
2025-08-20 01:41:52,229 [INFO] Fetching officers for SC849669...
2025-08-20 01:41:52,283 [INFO] Fetching officers for 16472663...
2025-08-20 01:41:52,351 [INFO] Fetching officers for 16472300...
2025-08-20 01:41:52,423 [INFO] Fetching officers for 16471514...
2025-08-20 01:41:52,492 [INFO] Fetching officers for 16472519...
2025-08-20 01:41:52,565 [INFO] Fetching officers for 16471542...
2025-08-20 01:41:52,631 [INFO] Fetching officers for 16471915...
2025-08-20 01:41:52,707 [INFO] Saved AI_companies_officers.csv
2025-08-20 01:41:52,709 [INFO] Pipeline finished
2025-08-20 01:41:52,710 [INFO] 
--- Sample Companies ---
2025-08-20 01:41:52,720 [INFO] 
                                       name incorporated  age_years  ... registered_office_postcode previous_names is_virtual_office
0                   SHEIGRA SYSTEMS LIMITED   2025-05-23        0.2  ...                    OL9 9XA             []             False
1  PCI GEOMATICS ENTERPRISES (SCOTLAND) LTD   2025-05-23        0.2  ...                    EH3 8EX             []             False
2                               STRIXON LTD   2025-05-27        0.2  ...                    NE4 5AJ             []             False
3                    CLEVERFOLKS AI LIMITED   2025-05-27        0.2  ...                   EC1V 2NX             []              True
4                   AGD DEVELOPMENT LIMITED   2025-05-27        0.2  ...                    SK8 4DE             []             False

[5 rows x 13 columns]
2025-08-20 01:41:52,730 [INFO] 
                               name incorporated  age_years  ... registered_office_postcode previous_names is_virtual_office
114                      RGODIM LTD   2025-06-05        0.2  ...                     N1 7AA             []             False
113                    SYNTHETA LTD   2025-06-05        0.2  ...                    W1S 4JL             []             False
25        CROWN FINANCIAL GROUP LTD   2025-06-04        0.2  ...                    WV2 4QT             []             False
115           AHSAN CONSULTANCY LTD   2025-06-04        0.2  ...                    IG2 6YH             []             False
26   OAOBUY GLOBAL COMMERCE LIMITED   2025-06-04        0.2  ...                    RM6 6AX             []             False

[5 rows x 13 columns]
2025-08-20 01:41:52,737 [INFO] 
  company_number                   officer_name officer_role  ...        occupation country_of_residence               date_of_birth
0       16497924          BERTIZ, Silvia De Con     director  ...              None                Spain  {'month': 4, 'year': 2006}
1       16497924        MONTES, Rodrigo Godinho     director  ...              None                Spain  {'month': 7, 'year': 2008}
2       16497701         LALOV, Alex Liubomirov     director  ...   Chief Executive          Netherlands  {'month': 2, 'year': 2002}
3       16494791         KORITANA, Jagtar Singh     director  ...  Company Director              England  {'month': 9, 'year': 1973}
4       16496629  CHOWDHURY, Muhtashim Abdullah    secretary  ...              None                 None                        None

[5 rows x 9 columns]
2025-08-20 01:41:52,738 [INFO] 
--- VC-Focused Companies ---
2025-08-20 01:41:52,738 [INFO]                                name incorporated  age_years  ... registered_office_postcode previous_names is_virtual_office
114                      RGODIM LTD   2025-06-05        0.2  ...                     N1 7AA             []             False
113                    SYNTHETA LTD   2025-06-05        0.2  ...                    W1S 4JL             []             False
25        CROWN FINANCIAL GROUP LTD   2025-06-04        0.2  ...                    WV2 4QT             []             False
115           AHSAN CONSULTANCY LTD   2025-06-04        0.2  ...                    IG2 6YH             []             False
26   OAOBUY GLOBAL COMMERCE LIMITED   2025-06-04        0.2  ...                    RM6 6AX             []             False

[5 rows x 13 columns]
2025-08-20 01:41:52,761 [INFO] 
--- Officers ---
2025-08-20 01:41:52,761 [INFO]   company_number                   officer_name officer_role  ...        occupation country_of_residence               date_of_birth
0       16497924          BERTIZ, Silvia De Con     director  ...              None                Spain  {'month': 4, 'year': 2006}
1       16497924        MONTES, Rodrigo Godinho     director  ...              None                Spain  {'month': 7, 'year': 2008}
2       16497701         LALOV, Alex Liubomirov     director  ...   Chief Executive          Netherlands  {'month': 2, 'year': 2002}
3       16494791         KORITANA, Jagtar Singh     director  ...  Company Director              England  {'month': 9, 'year': 1973}
4       16496629  CHOWDHURY, Muhtashim Abdullah    secretary  ...              None                 None                        None

[5 rows x 9 columns]
